0 info it worked if it ends with ok
1 verbose cli [ '/usr/local/bin/node', '/usr/local/bin/npm', 'install', 'fs' ]
2 info using npm@1.2.15
3 info using node@v0.10.1
4 verbose read json /var/www/greaseltc/package.json
5 verbose read json /var/www/greaseltc/node_modules/async/package.json
6 verbose read json /var/www/greaseltc/node_modules/bootstrap/package.json
7 verbose read json /var/www/greaseltc/node_modules/btc-e/package.json
8 verbose read json /var/www/greaseltc/node_modules/connect-flash/package.json
9 verbose read json /var/www/greaseltc/node_modules/everyauth/package.json
10 verbose read json /var/www/greaseltc/node_modules/express/package.json
11 verbose read json /var/www/greaseltc/node_modules/hiredis/package.json
12 verbose read json /var/www/greaseltc/node_modules/jade/package.json
13 verbose read json /var/www/greaseltc/node_modules/mongodb/package.json
14 verbose read json /var/www/greaseltc/node_modules/mysql/package.json
15 verbose read json /var/www/greaseltc/node_modules/nodemailer/package.json
16 verbose read json /var/www/greaseltc/node_modules/nodemon/package.json
17 verbose read json /var/www/greaseltc/node_modules/passport/package.json
18 verbose read json /var/www/greaseltc/node_modules/passport-local/package.json
19 verbose read json /var/www/greaseltc/node_modules/redis/package.json
20 verbose read json /var/www/greaseltc/node_modules/socket.io/package.json
21 verbose read json /var/www/greaseltc/node_modules/step/package.json
22 verbose read json /var/www/greaseltc/node_modules/twilio/package.json
23 verbose read json /var/www/greaseltc/node_modules/uglify-js/package.json
24 verbose from cache /var/www/greaseltc/package.json
25 verbose readDependencies using package.json deps
26 verbose cache add [ 'fs', null ]
27 verbose cache add name=undefined spec="fs" args=["fs",null]
28 verbose parsed url { protocol: null,
28 verbose parsed url   slashes: null,
28 verbose parsed url   auth: null,
28 verbose parsed url   host: null,
28 verbose parsed url   port: null,
28 verbose parsed url   hostname: null,
28 verbose parsed url   hash: null,
28 verbose parsed url   search: null,
28 verbose parsed url   query: null,
28 verbose parsed url   pathname: 'fs',
28 verbose parsed url   path: 'fs',
28 verbose parsed url   href: 'fs' }
29 silly lockFile 3f4bb586-fs fs
30 verbose lock fs /home/patrick/.npm/3f4bb586-fs.lock
31 silly lockFile 3f4bb586-fs fs
32 silly lockFile 3f4bb586-fs fs
33 verbose addNamed [ 'fs', '' ]
34 verbose addNamed [ null, '' ]
35 silly lockFile a107b96b-fs fs@
36 verbose lock fs@ /home/patrick/.npm/a107b96b-fs.lock
37 silly addNameRange { name: 'fs', range: '', hasData: false }
38 verbose url raw fs
39 verbose url resolving [ 'https://registry.npmjs.org/', './fs' ]
40 verbose url resolved https://registry.npmjs.org/fs
41 info trying registry request attempt 1 at 05:47:04
42 http GET https://registry.npmjs.org/fs
43 http 404 https://registry.npmjs.org/fs
44 silly registry.get cb [ 404,
44 silly registry.get   { server: 'CouchDB/1.3.0 (Erlang OTP/R15B03)',
44 silly registry.get     date: 'Mon, 06 May 2013 05:47:04 GMT',
44 silly registry.get     'content-type': 'application/json',
44 silly registry.get     'content-length': '52',
44 silly registry.get     'cache-control': 'must-revalidate' } ]
45 silly lockFile a107b96b-fs fs@
46 silly lockFile a107b96b-fs fs@
47 error 404 'fs' is not in the npm registry.
47 error 404 You should bug the author to publish it
47 error 404
47 error 404 Note that you can also install from a
47 error 404 tarball, folder, or http url, or git url.
48 error System Linux 3.5.0-17-generic
49 error command "/usr/local/bin/node" "/usr/local/bin/npm" "install" "fs"
50 error cwd /var/www/greaseltc
51 error node -v v0.10.1
52 error npm -v 1.2.15
53 error code E404
54 verbose exit [ 1, true ]
